0 info it worked if it ends with ok
1 verbose cli [ '/usr/local/bin/node', '/usr/local/bin/npm', 'publish' ]
2 info using npm@3.10.10
3 info using node@v6.11.4
4 verbose publish [ '.' ]
5 silly cache add args [ '.', null ]
6 verbose cache add spec .
7 silly cache add parsed spec Result {
7 silly cache add   raw: '.',
7 silly cache add   scope: null,
7 silly cache add   escapedName: null,
7 silly cache add   name: null,
7 silly cache add   rawSpec: '.',
7 silly cache add   spec: '/home/scott/Software/node-paperclip-qrcode',
7 silly cache add   type: 'directory' }
8 verbose addLocalDirectory /home/scott/.npm/node-paperclip-qrcode/1.0.1/package.tgz not in flight; packing
9 verbose correctMkdir /home/scott/.npm correctMkdir not in flight; initializing
10 info lifecycle node-paperclip-qrcode@1.0.1~prepublish: node-paperclip-qrcode@1.0.1
11 silly lifecycle node-paperclip-qrcode@1.0.1~prepublish: no script for prepublish, continuing
12 verbose tar pack [ '/home/scott/.npm/node-paperclip-qrcode/1.0.1/package.tgz',
12 verbose tar pack   '/home/scott/Software/node-paperclip-qrcode' ]
13 verbose tarball /home/scott/.npm/node-paperclip-qrcode/1.0.1/package.tgz
14 verbose folder /home/scott/Software/node-paperclip-qrcode
15 verbose addLocalTarball adding from inside cache /home/scott/.npm/node-paperclip-qrcode/1.0.1/package.tgz
16 verbose correctMkdir /home/scott/.npm correctMkdir not in flight; initializing
17 silly cache afterAdd node-paperclip-qrcode@1.0.1
18 verbose afterAdd /home/scott/.npm/node-paperclip-qrcode/1.0.1/package/package.json not in flight; writing
19 verbose correctMkdir /home/scott/.npm correctMkdir not in flight; initializing
20 verbose afterAdd /home/scott/.npm/node-paperclip-qrcode/1.0.1/package/package.json written
21 silly publish { name: 'node-paperclip-qrcode',
21 silly publish   version: '1.0.1',
21 silly publish   description: 'node-paperclip-qrcode =========',
21 silly publish   main: 'index.js',
21 silly publish   scripts: { test: 'mocha' },
21 silly publish   author: { name: 'Scott Ballantyne' },
21 silly publish   license: 'MIT',
21 silly publish   repository:
21 silly publish    { type: 'git',
21 silly publish      url: 'git://github.com/ballantyne/node-paperclip-qrcode.git' },
21 silly publish   dependencies: { jimp: '^0.2.28', klass: '^1.4.1', 'qrcode-reader': '^1.0.4' },
21 silly publish   devDependencies: { mocha: '^4.0.1' },
21 silly publish   readme: 'node-paperclip-qrcode\n=========\n\nThis is a plugin that works with node-paperclip.  It reads images and recognizes qrcodes and extracts and saves the text using qrcode-reader.   \n\nTo install \n\n```bash\nnpm install node-paperclip-qrcode --save\n```\n\nHere is an example of a model that uses the mongoose plugin.\n\n```javascript\nconst mongoose     = require(\'mongoose\');\nconst Schema       = mongoose.Schema;\nconst Paperclip    = require(\'node-paperclip\');\n\nconst Image = new Schema({});\n\nImage.plugin(Paperclip.plugins.mongoose, {\n  image: {\n    image: { \n      before_save: [{task: require(\'node-paperclip-qrcode\')}]\n      class_name: \'image\',\n      has_attached_file: \'image\', \n      styles: [\n        { original: true },\n      ],\n      storage: \'file\'\n    }\n  }\n})\n\nmodule.exports     = mongoose.model(\'Image\', Image);\n```\n\nHere is an example of an express route that uses that Image model.\n\n\n```javascript\nconst express      = require(\'express\');\nconst router       = express.Router();\n\nconst Image        = require(\'image\');\nconst middleware   = require(\'node-paperclip\').middleware\n\nrouter.post(\'/post_image\',\n\n    middleware.parse(), \n\n  function (req, res) {  \n    Image.create(req.body.image, function(err, doc) {\n      res.redirect(\'/\');\n    });\n})\n\n```\n\n```html\n    <form  class="form-horizontal" enctype="multipart/form-data" action="/post_image" method="post">\n\n    <div>\n      <label>File</label>\n      <input type="file" name="image[image]" id="file">\n    </div>\n\n    <div  class="form-group">\n      <div class="col-sm-offset-2 col-sm-10">\n        <input class=\'btn btn-default\' type="submit" value="Save"/>\n      </div>\n    </div>\n    </form>\n\n```\n\nThis module uses s3 by default, but can use a file system if you want.  The example above is configured to use the file system.  If you plan to use s3 you will need the following environment variables set the AWS_BUCKET, AWS_REGION, AWS_ACCESS_KEY_ID and AWS_SECRET_ACCESS_KEY.\n\nContributing\n------------\n\nIf you\'d like to contribute a feature or bugfix: Thanks! To make sure your\nfix/feature has a high chance of being included, please read the following\nguidelines:\n\n1. Post a [pull request](https://github.com/ballantyne/node-paperclip-qrcode/compare/).\n2. Make sure there are tests! We will not accept any patch that is not tested.\n   It\'s a rare time when explicit tests aren\'t needed. If you have questions\n   about writing tests for paperclip, please open a\n   [GitHub issue](https://github.com/ballantyne/node-paperclip-qrcode/issues/new).\n\n\nAnd once there are some contributors, then I would like to thank all of [the contributors](https://github.com/ballantyne/node-paperclip-qrcode/graphs/contributors)!\n\nLicense\n-------\n\nIt is free software, and may be redistributed under the terms specified in the MIT-LICENSE file.\n\nCopyright \n-------\n© 2017 Scott Ballantyne. See LICENSE for details.\n\n\n\n',
21 silly publish   readmeFilename: 'README.md',
21 silly publish   gitHead: '123e6495519decc23e26721c3ece2f24c5f0ad8f',
21 silly publish   bugs: { url: 'https://github.com/ballantyne/node-paperclip-qrcode/issues' },
21 silly publish   homepage: 'https://github.com/ballantyne/node-paperclip-qrcode#readme',
21 silly publish   _id: 'node-paperclip-qrcode@1.0.1',
21 silly publish   _shasum: '77fd29d349cf8c4b6d458c10c45ad3e3d4614341',
21 silly publish   _from: '.' }
22 verbose getPublishConfig undefined
23 silly mapToRegistry name node-paperclip-qrcode
24 silly mapToRegistry using default registry
25 silly mapToRegistry registry https://registry.npmjs.org/
26 silly mapToRegistry data Result {
26 silly mapToRegistry   raw: 'node-paperclip-qrcode',
26 silly mapToRegistry   scope: null,
26 silly mapToRegistry   escapedName: 'node-paperclip-qrcode',
26 silly mapToRegistry   name: 'node-paperclip-qrcode',
26 silly mapToRegistry   rawSpec: '',
26 silly mapToRegistry   spec: 'latest',
26 silly mapToRegistry   type: 'tag' }
27 silly mapToRegistry uri https://registry.npmjs.org/node-paperclip-qrcode
28 verbose publish registryBase https://registry.npmjs.org/
29 silly publish uploading /home/scott/.npm/node-paperclip-qrcode/1.0.1/package.tgz
30 verbose request uri https://registry.npmjs.org/node-paperclip-qrcode
31 verbose request sending authorization for write operation
32 info attempt registry request try #1 at 1:22:11 PM
33 verbose request using bearer token for auth
34 verbose request id 0ee6d521989af5fa
35 http request PUT https://registry.npmjs.org/node-paperclip-qrcode
36 http 403 https://registry.npmjs.org/node-paperclip-qrcode
37 verbose headers { 'content-type': 'application/json',
37 verbose headers   'cache-control': 'max-age=300',
37 verbose headers   'content-length': '91',
37 verbose headers   'accept-ranges': 'bytes',
37 verbose headers   date: 'Sun, 12 Nov 2017 19:22:13 GMT',
37 verbose headers   via: '1.1 varnish',
37 verbose headers   connection: 'keep-alive',
37 verbose headers   'x-served-by': 'cache-ord1723-ORD',
37 verbose headers   'x-cache': 'MISS',
37 verbose headers   'x-cache-hits': '0',
37 verbose headers   'x-timer': 'S1510514532.130423,VS0,VE953',
37 verbose headers   vary: 'Accept-Encoding, Accept' }
38 verbose request invalidating /home/scott/.npm/registry.npmjs.org/node-paperclip-qrcode on PUT
39 error publish Failed PUT 403
40 verbose stack Error: You cannot publish over the previously published version 1.0.1. : node-paperclip-qrcode
40 verbose stack     at makeError (/usr/local/lib/node_modules/npm/node_modules/npm-registry-client/lib/request.js:302:12)
40 verbose stack     at CachingRegistryClient.<anonymous> (/usr/local/lib/node_modules/npm/node_modules/npm-registry-client/lib/request.js:290:14)
40 verbose stack     at Request._callback (/usr/local/lib/node_modules/npm/node_modules/npm-registry-client/lib/request.js:210:14)
40 verbose stack     at Request.self.callback (/usr/local/lib/node_modules/npm/node_modules/request/request.js:187:22)
40 verbose stack     at emitTwo (events.js:106:13)
40 verbose stack     at Request.emit (events.js:191:7)
40 verbose stack     at Request.<anonymous> (/usr/local/lib/node_modules/npm/node_modules/request/request.js:1048:10)
40 verbose stack     at emitOne (events.js:96:13)
40 verbose stack     at Request.emit (events.js:188:7)
40 verbose stack     at IncomingMessage.<anonymous> (/usr/local/lib/node_modules/npm/node_modules/request/request.js:969:12)
41 verbose statusCode 403
42 verbose pkgid node-paperclip-qrcode
43 verbose cwd /home/scott/Software/node-paperclip-qrcode
44 error Linux 4.8.0-53-generic
45 error argv "/usr/local/bin/node" "/usr/local/bin/npm" "publish"
46 error node v6.11.4
47 error npm  v3.10.10
48 error code E403
49 error You cannot publish over the previously published version 1.0.1. : node-paperclip-qrcode
50 error If you need help, you may report this error at:
50 error     <https://github.com/npm/npm/issues>
51 verbose exit [ 1, true ]
